<?xml version="1.0" encoding="UTF-8"?>
<robot generator="Robot 5.0 (Python 3.10.3 on win32)" generated="20220424 10:52:11.157" rpa="false" schemaversion="3">
<suite id="s1" name="checkBox" source="c:\Users\pedro.dias\Desktop\Cursos\RobotFrameWork_MobileAndroid\TWP\Tests\checkBox.robot">
<kw name="Open Session" library="base" type="SETUP">
<kw name="Set Appium Timeout" library="AppiumLibrary">
<arg>5</arg>
<doc>Sets the timeout in seconds used by various keywords.</doc>
<status status="PASS" starttime="20220424 10:52:11.354" endtime="20220424 10:52:11.354"/>
</kw>
<kw name="Open Application" library="AppiumLibrary">
<arg>http://localhost:4723/wd/hub</arg>
<arg>automationName=UiAutomator2</arg>
<arg>platformName=Android</arg>
<arg>deviceName=Emulator</arg>
<arg>app=${EXECDIR}/app/twp.apk</arg>
<doc>Opens a new application to given Appium server.
Capabilities of appium server, Android and iOS,
Please check https://github.com/appium/appium/blob/master/docs/en/writing-running-appium/server-args.md
| *Option*            | *Man.* | *Description*     |
| remote_url          | Yes    | Appium server url |
| alias               | no     | alias             |</doc>
<kw name="Capture Page Screenshot" library="AppiumLibrary">
<doc>Takes a screenshot of the current page and embeds it into the log.</doc>
<msg timestamp="20220424 10:52:13.452" level="FAIL">No application is open</msg>
<status status="FAIL" starttime="20220424 10:52:13.452" endtime="20220424 10:52:13.460"/>
</kw>
<msg timestamp="20220424 10:52:13.461" level="WARN">Keyword 'Capture Page Screenshot' could not be run on failure: No application is open</msg>
<msg timestamp="20220424 10:52:13.462" level="FAIL">WebDriverException: Message: An unknown server-side error occurred while processing the command. Original error: The application at 'C:\Users\pedro.dias\Desktop\Cursos\RobotFrameWork_MobileAndroid/app/twp.apk' does not exist or is not accessible
Stacktrace:
UnknownError: An unknown server-side error occurred while processing the command. Original error: The application at 'C:\Users\pedro.dias\Desktop\Cursos\RobotFrameWork_MobileAndroid/app/twp.apk' does not exist or is not accessible
    at getResponseForW3CError (C:\Program Files\Appium Server GUI\resources\app\node_modules\appium\node_modules\appium-base-driver\lib\protocol\errors.js:804:9)
    at asyncHandler (C:\Program Files\Appium Server GUI\resources\app\node_modules\appium\node_modules\appium-base-driver\lib\protocol\protocol.js:380:37)</msg>
<status status="FAIL" starttime="20220424 10:52:11.354" endtime="20220424 10:52:13.462"/>
</kw>
<kw name="Get Started" library="helpers">
<status status="NOT RUN" starttime="20220424 10:52:13.463" endtime="20220424 10:52:13.463"/>
</kw>
<status status="FAIL" starttime="20220424 10:52:11.353" endtime="20220424 10:52:13.463"/>
</kw>
<test id="s1-t1" name="Deve Selecionar a Opção Python" line="17">
<status status="FAIL" starttime="20220424 10:52:13.463" endtime="20220424 10:52:13.464">Parent suite setup failed:
WebDriverException: Message: An unknown server-side error occurred while processing the command. Original error: The application at 'C:\Users\pedro.dias\Desktop\Cursos\RobotFrameWork_MobileAndroid/app/twp.apk' does not exist or is not accessible
Stacktrace:
UnknownError: An unknown server-side error occurred while processing the command. Original error: The application at 'C:\Users\pedro.dias\Desktop\Cursos\RobotFrameWork_MobileAndroid/app/twp.apk' does not exist or is not accessible
    at getResponseForW3CError (C:\Program Files\Appium Server GUI\resources\app\node_modules\appium\node_modules\appium-base-driver\lib\protocol\errors.js:804:9)
    at asyncHandler (C:\Program Files\Appium Server GUI\resources\app\node_modules\appium\node_modules\appium-base-driver\lib\protocol\protocol.js:380:37)</status>
</test>
<kw name="Close Session" library="base" type="TEARDOWN">
<kw name="Close Application" library="AppiumLibrary">
<doc>Closes the current application and also close webdriver session.</doc>
<kw name="Capture Page Screenshot" library="AppiumLibrary">
<doc>Takes a screenshot of the current page and embeds it into the log.</doc>
<msg timestamp="20220424 10:52:13.470" level="FAIL">No application is open</msg>
<status status="FAIL" starttime="20220424 10:52:13.468" endtime="20220424 10:52:13.471"/>
</kw>
<msg timestamp="20220424 10:52:13.473" level="WARN">Keyword 'Capture Page Screenshot' could not be run on failure: No application is open</msg>
<msg timestamp="20220424 10:52:13.474" level="FAIL">No application is open</msg>
<status status="FAIL" starttime="20220424 10:52:13.468" endtime="20220424 10:52:13.475"/>
</kw>
<status status="FAIL" starttime="20220424 10:52:13.467" endtime="20220424 10:52:13.475">No application is open</status>
</kw>
<status status="FAIL" starttime="20220424 10:52:11.161" endtime="20220424 10:52:13.475">Suite setup failed:
WebDriverException: Message: An unknown server-side error occurred while processing the command. Original error: The application at 'C:\Users\pedro.dias\Desktop\Cursos\RobotFrameWork_MobileAndroid/app/twp.apk' does not exist or is not accessible
Stacktrace:
UnknownError: An unknown server-side error occurred while processing the command. Original error: The application at 'C:\Users\pedro.dias\Desktop\Cursos\RobotFrameWork_MobileAndroid/app/twp.apk' does not exist or is not accessible
    at getResponseForW3CError (C:\Program Files\Appium Server GUI\resources\app\node_modules\appium\node_modules\appium-base-driver\lib\protocol\errors.js:804:9)
    at asyncHandler (C:\Program Files\Appium Server GUI\resources\app\node_modules\appium\node_modules\appium-base-driver\lib\protocol\protocol.js:380:37)

Also suite teardown failed:
No application is open</status>
</suite>
<statistics>
<total>
<stat pass="0" fail="1" skip="0">All Tests</stat>
</total>
<tag>
</tag>
<suite>
<stat pass="0" fail="1" skip="0" id="s1" name="checkBox">checkBox</stat>
</suite>
</statistics>
<errors>
<msg timestamp="20220424 10:52:11.349" level="ERROR">Error in file 'c:\Users\pedro.dias\Desktop\Cursos\RobotFrameWork_MobileAndroid\TWP\Resources\helpers.robot' on line 72: Creating keyword 'Select Checkbox Option' failed: Keyword with same name defined multiple times.</msg>
<msg timestamp="20220424 10:52:13.461" level="WARN">Keyword 'Capture Page Screenshot' could not be run on failure: No application is open</msg>
<msg timestamp="20220424 10:52:13.473" level="WARN">Keyword 'Capture Page Screenshot' could not be run on failure: No application is open</msg>
</errors>
</robot>
